"C:\Program Files\JetBrains\CLion 2020.2.4\bin\cmake\win\bin\cmake.exe" -DCMAKE_BUILD_TYPE=Debug -G "CodeBlocks - MinGW Makefiles" "C:\서브 드라이브\실행파일\code\Synth\Builds\CLion"
CMake Warning (dev) in CMakeLists.txt:
  No project() command is present.  The top-level CMakeLists.txt file must
  contain a literal, direct call to the project() command.  Add a line of
  code such as

    project(ProjectName)

  near the top of the file, but after cmake_minimum_required().

  CMake is pretending there is a "project(Project)" command on the first
  line.
This warning is for project developers.  Use -Wno-dev to suppress it.

-- The C compiler identification is GNU 8.1.0
-- The CXX compiler identification is GNU 8.1.0
-- Check for working C compiler: C:/Program Files/mingw-w64/x86_64-8.1.0-win32-seh-rt_v6-rev0/mingw64/bin/gcc.exe
-- Check for working C compiler: C:/Program Files/mingw-w64/x86_64-8.1.0-win32-seh-rt_v6-rev0/mingw64/bin/gcc.exe - broken
CMake Error at C:/Program Files/JetBrains/CLion 2020.2.4/bin/cmake/win/share/cmake-3.17/Modules/CMakeTestCCompiler.cmake:60 (message):
  The C compiler

    "C:/Program Files/mingw-w64/x86_64-8.1.0-win32-seh-rt_v6-rev0/mingw64/bin/gcc.exe"

  is not able to compile a simple test program.

  It fails with the following output:

    Change Dir: C:/�꽌釉� �뱶�씪�씠釉�/�떎�뻾�뙆�씪/code/Synth/Builds/CLion/cmake-build-debug/CMakeFiles/CMakeTmp
    
    Run Build Command(s):C:/PROGRA~1/MINGW-~1/X86_64~1.0-W/mingw64/bin/mingw32-make.exe cmTC_58abb/fast && C:/PROGRA~1/MINGW-~1/X86_64~1.0-W/mingw64/bin/mingw32-make.exe  -f CMakeFiles\cmTC_58abb.dir\build.make CMakeFiles/cmTC_58abb.dir/build
    mingw32-make.exe[1]: Entering directory 'C:/�꽌釉� �뱶�씪�씠釉�/�떎�뻾�뙆�씪/code/Synth/Builds/CLion/cmake-build-debug/CMakeFiles/CMakeTmp'
    Building C object CMakeFiles/cmTC_58abb.dir/testCCompiler.c.obj
    C:\PROGRA~1\MINGW-~1\X86_64~1.0-W\mingw64\bin\gcc.exe    -o CMakeFiles\cmTC_58abb.dir\testCCompiler.c.obj   -c "C:\?�뮆�닏 ?�뮆�뵬?���닏\?�끋六�?�슣�뵬\code\Synth\Builds\CLion\cmake-build-debug\CMakeFiles\CMakeTmp\testCCompiler.c"
    gcc.exe: error: C:\?�뮆�닏 ?�뮆�뵬?���닏\?�끋六�?�슣�뵬\code\Synth\Builds\CLion\cmake-build-debug\CMakeFiles\CMakeTmp\testCCompiler.c: Invalid argument
    gcc.exe: fatal error: no input files
    compilation terminated.
    mingw32-make.exe[1]: *** [CMakeFiles\cmTC_58abb.dir\build.make:85: CMakeFiles/cmTC_58abb.dir/testCCompiler.c.obj] Error 1
    mingw32-make.exe[1]: Leaving directory 'C:/�꽌釉� �뱶�씪�씠釉�/�떎�뻾�뙆�씪/code/Synth/Builds/CLion/cmake-build-debug/CMakeFiles/CMakeTmp'
    mingw32-make.exe: *** [Makefile:140: cmTC_58abb/fast] Error 2
    
    

  

  CMake will not be able to correctly generate this project.


-- Configuring incomplete, errors occurred!
See also "C:/�꽌釉� �뱶�씪�씠釉�/�떎�뻾�뙆�씪/code/Synth/Builds/CLion/cmake-build-debug/CMakeFiles/CMakeOutput.log".
See also "C:/�꽌釉� �뱶�씪�씠釉�/�떎�뻾�뙆�씪/code/Synth/Builds/CLion/cmake-build-debug/CMakeFiles/CMakeError.log".
